<?xml version="1.0" encoding="UTF-8"?>
<testng-results ignored="0" total="1" passed="1" failed="0" skipped="0">
  <reporter-output>
  </reporter-output>
  <suite started-at="2023-08-30T09:56:35 IST" name="Default suite" finished-at="2023-08-30T09:56:35 IST" duration-ms="54">
    <groups>
    </groups>
    <test started-at="2023-08-30T09:56:35 IST" name="Default test" finished-at="2023-08-30T09:56:35 IST" duration-ms="54">
      <class name="Practise.Practice1Test">
        <test-method signature="d1()[pri:0, instance:Practise.Practice1Test@3e58a80e]" started-at="2023-08-30T09:56:35 IST" name="d1" finished-at="2023-08-30T09:56:35 IST" duration-ms="10" status="PASS">
          <reporter-output>
          </reporter-output>
        </test-method> <!-- d1 -->
      </class> <!-- Practise.Practice1Test -->
    </test> <!-- Default test -->
  </suite> <!-- Default suite -->
</testng-results>
